============================================================
  Generated by:           Genus(TM) Synthesis Solution 20.11-s111_1
  Generated on:           Apr 13 2026  07:04:02 pm
  Module:                 uart_top
  Operating conditions:   slow (balanced_tree)
  Wireload mode:          enclosed
  Area mode:              timing library
============================================================


Path 1: MET (13837 ps) Late External Delay Assertion at pin tx_busy
          Group: clk
     Startpoint: (R) u_tx_tx_busy_reg/CK
          Clock: (R) clk
       Endpoint: (R) tx_busy
          Clock: (R) clk

                     Capture       Launch     
        Clock Edge:+   20000            0     
       Src Latency:+       0            0     
       Net Latency:+       0 (I)        0 (I) 
           Arrival:=   20000            0     
                                              
      Output Delay:-    5000                  
       Uncertainty:-     500                  
     Required Time:=   14500                  
      Launch Clock:-       0                  
         Data Path:-     663                  
             Slack:=   13837                  

Exceptions/Constraints:
  output_delay             5000            uart_top.sdc_line_18_19_1 

#--------------------------------------------------------------------------------------------
#    Timing Point     Flags   Arc   Edge   Cell     Fanout Load Trans Delay Arrival Instance 
#                                                          (fF)  (ps)  (ps)   (ps)  Location 
#--------------------------------------------------------------------------------------------
  u_tx_tx_busy_reg/CK -       -     R     (arrival)     54    -   200     0       0    (-,-) 
  u_tx_tx_busy_reg/Q  -       CK->Q R     DFFRHQX1       2 51.7   441   663     663    (-,-) 
  tx_busy             <<<     -     R     (port)         -    -     -     0     663    (-,-) 
#--------------------------------------------------------------------------------------------

