============================================================
  Generated by:           Genus(TM) Synthesis Solution 20.11-s111_1
  Generated on:           Apr 13 2026  07:04:02 pm
  Module:                 uart_top
  Operating conditions:   slow (balanced_tree)
  Wireload mode:          enclosed
  Area mode:              timing library
============================================================

                               
   Gate    Instances    Area   Library 
---------------------------------------
AND3XL             1     6.055    slow 
AO22XL             2    15.138    slow 
AOI211XL           1     5.298    slow 
AOI21XL            7    31.790    slow 
AOI221XL           1     7.569    slow 
AOI32XL            1     6.812    slow 
DFFRHQX1          22   449.599    slow 
DFFRXL             2    43.900    slow 
DFFSHQX1           2    42.386    slow 
DFFSXL             1    23.464    slow 
INVXL             23    52.226    slow 
MXI2XL             4    24.221    slow 
NAND2BXL           1     4.541    slow 
NAND2X2            1     6.055    slow 
NAND2XL           21    63.580    slow 
NAND3BXL           2    12.110    slow 
NAND3XL            1     4.541    slow 
NAND4BXL           1     6.812    slow 
NAND4XL            2    10.597    slow 
NOR2BXL            7    31.790    slow 
NOR2XL            18    54.497    slow 
NOR3BXL            1     6.055    slow 
NOR3XL             2     9.083    slow 
NOR4BBXL           2    16.652    slow 
OAI211XL           2    10.597    slow 
OAI21XL           10    45.414    slow 
OAI22XL            2    12.110    slow 
OAI2BB1XL          5    26.492    slow 
OAI31XL            4    24.221    slow 
OAI32XL            1     6.812    slow 
OR2X1              1     4.541    slow 
OR2XL              1     4.541    slow 
SDFFRHQX1         27   674.398    slow 
---------------------------------------
total            179  1743.898         


                                         
     Type      Instances   Area   Area % 
-----------------------------------------
sequential            54 1233.747   70.7 
inverter              23   52.226    3.0 
logic                102  457.924   26.3 
physical_cells         0    0.000    0.0 
-----------------------------------------
total                179 1743.898  100.0 

