============================================================
  Generated by:           Genus(TM) Synthesis Solution 20.11-s111_1
  Generated on:           Apr 13 2026  07:04:03 pm
  Module:                 uart_top
  Operating conditions:   slow (balanced_tree)
  Wireload mode:          enclosed
  Area mode:              timing library
============================================================


Path 1: MET (13706 ps) Setup Check with Pin u_tx_shift_reg_reg[6]/CK->D
          Group: clk
     Startpoint: (R) tx_start
          Clock: (R) clk
       Endpoint: (R) u_tx_shift_reg_reg[6]/D
          Clock: (R) clk

                     Capture       Launch     
        Clock Edge:+   20000            0     
        Drv Adjust:+       0            0     
       Src Latency:+       0            0     
       Net Latency:+       0 (I)        0 (I) 
           Arrival:=   20000            0     
                                              
             Setup:-     202                  
       Uncertainty:-     500                  
     Required Time:=   19298                  
      Launch Clock:-       0                  
       Input Delay:-    5000                  
         Data Path:-     593                  
             Slack:=   13706                  

Exceptions/Constraints:
  input_delay             5000            uart_top.sdc_line_17_9_1 

#------------------------------------------------------------------------------------------------
#      Timing Point       Flags   Arc   Edge   Cell     Fanout Load Trans Delay Arrival Instance 
#                                                              (fF)  (ps)  (ps)   (ps)  Location 
#------------------------------------------------------------------------------------------------
  tx_start                -       -     R     (arrival)      2  4.3     0     0    5000    (-,-) 
  g4778__4319/Y           -       B->Y  F     NAND2X1       10 33.0   466   323    5323    (-,-) 
  g4940/Y                 -       S0->Y R     MX2XL          1  2.8    78   270    5593    (-,-) 
  u_tx_shift_reg_reg[6]/D <<<     -     R     SDFFRHQX1      1    -     -     0    5593    (-,-) 
#------------------------------------------------------------------------------------------------

